Using pre-set license
Built from '2021.3/staging' branch; Version is '2021.3.30f1 (b4360d7cdac4) revision 11810317'; Using compiler version '192829333'; Build Type 'Release'
OS: 'Windows 10  (10.0.19045) 64bit Professional' Language: 'ru' Physical Memory: 8063 MB
BatchMode: 1, IsHumanControllingUs: 0, StartBugReporterOnCrash: 0, Is64bit: 1, IsPro: 1

COMMAND LINE ARGUMENTS:
C:\Program Files\Unity\Hub\Editor\2021.3.30f1\Editor\Unity.exe
-adb2
-batchMode
-noUpm
-name
AssetImportWorker0
-projectPath
E:/UnityProjects/3D-Platformer
-logFile
Logs/AssetImportWorker0.log
-srvPort
62778
Successfully changed project path to: E:/UnityProjects/3D-Platformer
E:/UnityProjects/3D-Platformer
[UnityMemory] Configuration Parameters - Can be set up in boot.config
    "memorysetup-bucket-allocator-granularity=16"
    "memorysetup-bucket-allocator-bucket-count=8"
    "memorysetup-bucket-allocator-block-size=33554432"
    "memorysetup-bucket-allocator-block-count=8"
    "memorysetup-main-allocator-block-size=16777216"
    "memorysetup-thread-allocator-block-size=16777216"
    "memorysetup-gfx-main-allocator-block-size=16777216"
    "memorysetup-gfx-thread-allocator-block-size=16777216"
    "memorysetup-cache-allocator-block-size=4194304"
    "memorysetup-typetree-allocator-block-size=2097152"
    "memorysetup-profiler-bucket-allocator-granularity=16"
    "memorysetup-profiler-bucket-allocator-bucket-count=8"
    "memorysetup-profiler-bucket-allocator-block-size=33554432"
    "memorysetup-profiler-bucket-allocator-block-count=8"
    "memorysetup-profiler-allocator-block-size=16777216"
    "memorysetup-profiler-editor-allocator-block-size=1048576"
    "memorysetup-temp-allocator-size-main=16777216"
    "memorysetup-job-temp-allocator-block-size=2097152"
    "memorysetup-job-temp-allocator-block-size-background=1048576"
    "memorysetup-job-temp-allocator-reduction-small-platforms=262144"
    "memorysetup-temp-allocator-size-background-worker=32768"
    "memorysetup-temp-allocator-size-job-worker=262144"
    "memorysetup-temp-allocator-size-preload-manager=33554432"
    "memorysetup-temp-allocator-size-nav-mesh-worker=65536"
    "memorysetup-temp-allocator-size-audio-worker=65536"
    "memorysetup-temp-allocator-size-cloud-worker=32768"
    "memorysetup-temp-allocator-size-gi-baking-worker=262144"
    "memorysetup-temp-allocator-size-gfx=262144"
Player connection [6768] Host "[IP] 192.168.254.1 [Port] 0 [Flags] 2 [Guid] 3180667750 [EditorId] 3180667750 [Version] 1048832 [Id] WindowsEditor(7,i3_4130) [Debug] 1 [PackageName] WindowsEditor [ProjectName] Editor" joined multi-casting on [225.0.0.222:54997]...

Player connection [6768] Host "[IP] 192.168.254.1 [Port] 0 [Flags] 2 [Guid] 3180667750 [EditorId] 3180667750 [Version] 1048832 [Id] WindowsEditor(7,i3_4130) [Debug] 1 [PackageName] WindowsEditor [ProjectName] Editor" joined alternative multi-casting on [225.0.0.222:34997]...

[Physics::Module] Initialized MultithreadedJobDispatcher with {0} workers.
Refreshing native plugins compatible for Editor in 25.95 ms, found 2 plugins.
Preloading 0 native plugins for Editor in 0.00 ms.
Initialize engine version: 2021.3.30f1 (b4360d7cdac4)
[Subsystems] Discovering subsystems at path C:/Program Files/Unity/Hub/Editor/2021.3.30f1/Editor/Data/Resources/UnitySubsystems
[Subsystems] Discovering subsystems at path E:/UnityProjects/3D-Platformer/Assets
GfxDevice: creating device client; threaded=0; jobified=0
Direct3D:
    Version:  Direct3D 11.0 [level 11.1]
    Renderer: Intel(R) HD Graphics 4400 (ID=0x41e)
    Vendor:   Intel
    VRAM:     2048 MB
    Driver:   20.19.15.4531
Initialize mono
Mono path[0] = 'C:/Program Files/Unity/Hub/Editor/2021.3.30f1/Editor/Data/Managed'
Mono path[1] = 'C:/Program Files/Unity/Hub/Editor/2021.3.30f1/Editor/Data/MonoBleedingEdge/lib/mono/unityjit-win32'
Mono config path = 'C:/Program Files/Unity/Hub/Editor/2021.3.30f1/Editor/Data/MonoBleedingEdge/etc'
Using monoOptions --debugger-agent=transport=dt_socket,embedding=1,server=y,suspend=n,address=127.0.0.1:56160
Begin MonoManager ReloadAssembly
Registering precompiled unity dll's ...
Register platform support module: C:/Program Files/Unity/Hub/Editor/2021.3.30f1/Editor/Data/PlaybackEngines/WindowsStandaloneSupport/UnityEditor.WindowsStandalone.Extensions.dll
Registered in 0.008808 seconds.
Native extension for WindowsStandalone target not found
Refreshing native plugins compatible for Editor in 25.14 ms, found 2 plugins.
Preloading 0 native plugins for Editor in 0.00 ms.
Mono: successfully reloaded assembly
- Completed reload, in  0.797 seconds
Domain Reload Profiling:
	ReloadAssembly (798ms)
		BeginReloadAssembly (158ms)
			ExecutionOrderSort (0ms)
			DisableScriptedObjects (0ms)
			BackupInstance (0ms)
			ReleaseScriptingObjects (0ms)
			CreateAndSetChildDomain (1ms)
		EndReloadAssembly (511ms)
			LoadAssemblies (155ms)
			RebuildTransferFunctionScriptingTraits (0ms)
			SetupTypeCache (157ms)
			ReleaseScriptCaches (0ms)
			RebuildScriptCaches (33ms)
			SetupLoadedEditorAssemblies (269ms)
				LogAssemblyErrors (0ms)
				InitializePlatformSupportModulesInManaged (10ms)
				SetLoadedEditorAssemblies (0ms)
				RefreshPlugins (25ms)
				BeforeProcessingInitializeOnLoad (2ms)
				ProcessInitializeOnLoadAttributes (167ms)
				ProcessInitializeOnLoadMethodAttributes (65ms)
				AfterProcessingInitializeOnLoad (0ms)
				EditorAssembliesLoaded (0ms)
			ExecutionOrderSort2 (0ms)
			AwakeInstancesAfterBackupRestoration (0ms)
Platform modules already initialized, skipping
Registering precompiled user dll's ...
Registered in 0.003005 seconds.
Begin MonoManager ReloadAssembly
Native extension for WindowsStandalone target not found
Refreshing native plugins compatible for Editor in 0.36 ms, found 2 plugins.
Preloading 0 native plugins for Editor in 0.00 ms.
Package Manager log level set to [2]
[Package Manager] Server::EnsureServerProcessIsRunning -- launch failed, reason: Unity was launched with the -noUpm command-line argument
[Package Manager] Cannot connect to Unity Package Manager local server
Mono: successfully reloaded assembly
- Completed reload, in  1.574 seconds
Domain Reload Profiling:
	ReloadAssembly (1575ms)
		BeginReloadAssembly (191ms)
			ExecutionOrderSort (0ms)
			DisableScriptedObjects (7ms)
			BackupInstance (0ms)
			ReleaseScriptingObjects (0ms)
			CreateAndSetChildDomain (27ms)
		EndReloadAssembly (1256ms)
			LoadAssemblies (124ms)
			RebuildTransferFunctionScriptingTraits (0ms)
			SetupTypeCache (214ms)
			ReleaseScriptCaches (1ms)
			RebuildScriptCaches (52ms)
			SetupLoadedEditorAssemblies (865ms)
				LogAssemblyErrors (0ms)
				InitializePlatformSupportModulesInManaged (8ms)
				SetLoadedEditorAssemblies (1ms)
				RefreshPlugins (0ms)
				BeforeProcessingInitializeOnLoad (57ms)
				ProcessInitializeOnLoadAttributes (757ms)
				ProcessInitializeOnLoadMethodAttributes (31ms)
				AfterProcessingInitializeOnLoad (11ms)
				EditorAssembliesLoaded (0ms)
			ExecutionOrderSort2 (0ms)
			AwakeInstancesAfterBackupRestoration (8ms)
Platform modules already initialized, skipping
========================================================================
Worker process is ready to serve import requests
Launched and connected shader compiler UnityShaderCompiler.exe after 0.06 seconds
Refreshing native plugins compatible for Editor in 0.57 ms, found 2 plugins.
Preloading 0 native plugins for Editor in 0.00 ms.
Unloading 1376 Unused Serialized files (Serialized files now loaded: 0)
Unloading 16 unused Assets / (38.1 KB). Loaded Objects now: 1844.
Memory consumption went from 63.2 MB to 63.2 MB.
Total: 6.050900 ms (FindLiveObjects: 0.280400 ms CreateObjectMapping: 0.231700 ms MarkObjects: 5.376000 ms  DeleteObjects: 0.161400 ms)

AssetImportParameters requested are different than current active one (requested -> active):
  custom:video-decoder-ogg-theora: a1e56fd34408186e4bbccfd4996cb3dc -> 
  custom:container-muxer-webm: aa71ff27fc2769a1b78a27578f13a17b -> 
  custom:container-demuxer-webm: 4f35f7cbe854078d1ac9338744f61a02 -> 
  custom:video-encoder-webm-vp8: eb34c28f22e8b96e1ab97ce403110664 -> 
  custom:audio-encoder-webm-vorbis: bf7c407c2cedff20999df2af8eb42d56 -> 
  custom:framework-win-MediaFoundation: 216162199b28c13a410421893ffa2e32 -> 
  custom:container-demuxer-ogg: 62fdf1f143b41e24485cea50d1cbac27 -> 
  custom:video-decoder-webm-vp8: 9c59270c3fd7afecdb556c50c9e8de78 -> 
  custom:audio-decoder-ogg-vorbis: bf7c407c2cedff20999df2af8eb42d56 -> 
========================================================================
Received Import Request.
  Time since last request: 211451.755374 seconds.
  path: Assets/Models/mario-64/anim/Walk.fbx
  artifactKey: Guid(01ad248cc81b7b043b56c330f6be31eb) Importer(815301076,1909f56bfc062723c751e8b465ee728b)
Number of updated assets reloaded before import = 0
Start importing Assets/Models/mario-64/anim/Walk.fbx using Guid(01ad248cc81b7b043b56c330f6be31eb) Importer(815301076,1909f56bfc062723c751e8b465ee728b)  -> (artifact id: 'd3c424596f11d6d13e6f28d457e5f906') in 0.114237 seconds 
Number of asset objects unloaded after import = 55
========================================================================
Received Import Request.
  Time since last request: 0.000030 seconds.
  path: Assets/Models/mario-64/anim/Idle.fbx
  artifactKey: Guid(cbe36e9a6e6a55f4eb5c34004948306e) Importer(815301076,1909f56bfc062723c751e8b465ee728b)
Number of updated assets reloaded before import = 0
Start importing Assets/Models/mario-64/anim/Idle.fbx using Guid(cbe36e9a6e6a55f4eb5c34004948306e) Importer(815301076,1909f56bfc062723c751e8b465ee728b)  -> (artifact id: 'bcbe0bded2fec9799b1fca003c554310') in 0.006042 seconds 
Number of asset objects unloaded after import = 55
========================================================================
Received Prepare
Registering precompiled user dll's ...
Registered in 0.001795 seconds.
Begin MonoManager ReloadAssembly
Native extension for WindowsStandalone target not found
Refreshing native plugins compatible for Editor in 0.48 ms, found 2 plugins.
Preloading 0 native plugins for Editor in 0.00 ms.
[Package Manager] Server::EnsureServerProcessIsRunning -- launch failed, reason: Unity was launched with the -noUpm command-line argument
[Package Manager] Cannot connect to Unity Package Manager local server
Mono: successfully reloaded assembly
- Completed reload, in  2.878 seconds
Domain Reload Profiling:
	ReloadAssembly (2880ms)
		BeginReloadAssembly (191ms)
			ExecutionOrderSort (0ms)
			DisableScriptedObjects (9ms)
			BackupInstance (0ms)
			ReleaseScriptingObjects (0ms)
			CreateAndSetChildDomain (40ms)
		EndReloadAssembly (2542ms)
			LoadAssemblies (124ms)
			RebuildTransferFunctionScriptingTraits (0ms)
			SetupTypeCache (286ms)
			ReleaseScriptCaches (1ms)
			RebuildScriptCaches (52ms)
			SetupLoadedEditorAssemblies (1919ms)
				LogAssemblyErrors (0ms)
				InitializePlatformSupportModulesInManaged (25ms)
				SetLoadedEditorAssemblies (4ms)
				RefreshPlugins (1ms)
				BeforeProcessingInitializeOnLoad (131ms)
				ProcessInitializeOnLoadAttributes (1604ms)
				ProcessInitializeOnLoadMethodAttributes (108ms)
				AfterProcessingInitializeOnLoad (46ms)
				EditorAssembliesLoaded (1ms)
			ExecutionOrderSort2 (0ms)
			AwakeInstancesAfterBackupRestoration (35ms)
Platform modules already initialized, skipping
Refreshing native plugins compatible for Editor in 0.73 ms, found 2 plugins.
Preloading 0 native plugins for Editor in 0.00 ms.
Unloading 1370 Unused Serialized files (Serialized files now loaded: 0)
Unloading 11 unused Assets / (21.9 KB). Loaded Objects now: 1848.
Memory consumption went from 63.0 MB to 63.0 MB.
Total: 10.533200 ms (FindLiveObjects: 0.296200 ms CreateObjectMapping: 3.693900 ms MarkObjects: 6.498100 ms  DeleteObjects: 0.042600 ms)

AssetImportParameters requested are different than current active one (requested -> active):
  custom:video-decoder-ogg-theora: a1e56fd34408186e4bbccfd4996cb3dc -> 
  custom:container-muxer-webm: aa71ff27fc2769a1b78a27578f13a17b -> 
  custom:container-demuxer-webm: 4f35f7cbe854078d1ac9338744f61a02 -> 
  custom:video-encoder-webm-vp8: eb34c28f22e8b96e1ab97ce403110664 -> 
  custom:audio-encoder-webm-vorbis: bf7c407c2cedff20999df2af8eb42d56 -> 
  custom:framework-win-MediaFoundation: 216162199b28c13a410421893ffa2e32 -> 
  custom:SearchIndexIgnoredProperties: e643bd26f0fe6173181afceb89e7c659 -> 
  custom:container-demuxer-ogg: 62fdf1f143b41e24485cea50d1cbac27 -> 
  custom:video-decoder-webm-vp8: 9c59270c3fd7afecdb556c50c9e8de78 -> 
  custom:audio-decoder-ogg-vorbis: bf7c407c2cedff20999df2af8eb42d56 -> 
========================================================================
Received Prepare
Refreshing native plugins compatible for Editor in 5.40 ms, found 2 plugins.
Preloading 0 native plugins for Editor in 0.00 ms.
Unloading 9 Unused Serialized files (Serialized files now loaded: 0)
Unloading 9 unused Assets / (19.7 KB). Loaded Objects now: 1848.
Memory consumption went from 35.7 MB to 35.6 MB.
Total: 4.639100 ms (FindLiveObjects: 0.263500 ms CreateObjectMapping: 0.090300 ms MarkObjects: 4.242600 ms  DeleteObjects: 0.041200 ms)

AssetImportParameters requested are different than current active one (requested -> active):
  custom:video-decoder-ogg-theora: a1e56fd34408186e4bbccfd4996cb3dc -> 
  custom:container-muxer-webm: aa71ff27fc2769a1b78a27578f13a17b -> 
  custom:container-demuxer-webm: 4f35f7cbe854078d1ac9338744f61a02 -> 
  custom:video-encoder-webm-vp8: eb34c28f22e8b96e1ab97ce403110664 -> 
  custom:CustomObjectIndexerAttribute: bc11b3a6c3213fcdd17b65e7da85e133 -> 
  custom:audio-encoder-webm-vorbis: bf7c407c2cedff20999df2af8eb42d56 -> 
  custom:framework-win-MediaFoundation: 216162199b28c13a410421893ffa2e32 -> 
  custom:SearchIndexIgnoredProperties: e643bd26f0fe6173181afceb89e7c659 -> 
  custom:container-demuxer-ogg: 62fdf1f143b41e24485cea50d1cbac27 -> 
  custom:video-decoder-webm-vp8: 9c59270c3fd7afecdb556c50c9e8de78 -> 
  custom:audio-decoder-ogg-vorbis: bf7c407c2cedff20999df2af8eb42d56 -> 
========================================================================
Received Import Request.
  Time since last request: 50.756351 seconds.
  path: Assets/Models/mario-64/anim/marioAnim.controller
  artifactKey: Guid(4659cf7554517514ebc1e62a61558b4b) Importer(815301076,1909f56bfc062723c751e8b465ee728b)
Number of updated assets reloaded before import = 0
Start importing Assets/Models/mario-64/anim/marioAnim.controller using Guid(4659cf7554517514ebc1e62a61558b4b) Importer(815301076,1909f56bfc062723c751e8b465ee728b)  -> (artifact id: 'fd2273b0035d2a3189dbd9c96d31557e') in 0.055006 seconds 
Number of asset objects unloaded after import = 7
========================================================================
Received Import Request.
  Time since last request: 194.020994 seconds.
  path: Assets/Models/mario-64/anim/Idle@Orc Idle.fbx
  artifactKey: Guid(2941775bdac65574d8dae097b9b1cbb1) Importer(815301076,1909f56bfc062723c751e8b465ee728b)
Number of updated assets reloaded before import = 0
Start importing Assets/Models/mario-64/anim/Idle@Orc Idle.fbx using Guid(2941775bdac65574d8dae097b9b1cbb1) Importer(815301076,1909f56bfc062723c751e8b465ee728b)  -> (artifact id: '4247e068d676b2fa42d67e6dc996aef0') in 0.027404 seconds 
Number of asset objects unloaded after import = 53
========================================================================
Received Import Request.
  Time since last request: 0.000038 seconds.
  path: Assets/Models/mario-64/anim/Warrior Idle@Walking.fbx
  artifactKey: Guid(96880c66c13cef14ca1ce8273ed4a56a) Importer(815301076,1909f56bfc062723c751e8b465ee728b)
Number of updated assets reloaded before import = 0
Start importing Assets/Models/mario-64/anim/Warrior Idle@Walking.fbx using Guid(96880c66c13cef14ca1ce8273ed4a56a) Importer(815301076,1909f56bfc062723c751e8b465ee728b)  -> (artifact id: 'a3221849c1a334637121ac01f6faba73') in 0.010128 seconds 
Number of asset objects unloaded after import = 53
========================================================================
Received Import Request.
  Time since last request: 26.229918 seconds.
  path: Assets/Models/mario-64/anim/Idle@Orc Idle.fbx
  artifactKey: Guid(2941775bdac65574d8dae097b9b1cbb1) Importer(815301076,1909f56bfc062723c751e8b465ee728b)
Number of updated assets reloaded before import = 0
Start importing Assets/Models/mario-64/anim/Idle@Orc Idle.fbx using Guid(2941775bdac65574d8dae097b9b1cbb1) Importer(815301076,1909f56bfc062723c751e8b465ee728b)  -> (artifact id: 'd7f2963fdb6399b3ac7e508a496268f4') in 0.010029 seconds 
Number of asset objects unloaded after import = 55
========================================================================
Received Import Request.
  Time since last request: 0.000031 seconds.
  path: Assets/Models/mario-64/anim/Warrior Idle@Walking.fbx
  artifactKey: Guid(96880c66c13cef14ca1ce8273ed4a56a) Importer(815301076,1909f56bfc062723c751e8b465ee728b)
Number of updated assets reloaded before import = 0
Start importing Assets/Models/mario-64/anim/Warrior Idle@Walking.fbx using Guid(96880c66c13cef14ca1ce8273ed4a56a) Importer(815301076,1909f56bfc062723c751e8b465ee728b)  -> (artifact id: '3ab51da180a8bc0670b6244c3e424a78') in 0.009107 seconds 
Number of asset objects unloaded after import = 55
========================================================================
Received Import Request.
  Time since last request: 8.299236 seconds.
  path: Assets/Models/mario-64/source/Warrior Idle.fbx
  artifactKey: Guid(27579b9e05459eb44b7a20ece85f33f8) Importer(815301076,1909f56bfc062723c751e8b465ee728b)
Number of updated assets reloaded before import = 0
Start importing Assets/Models/mario-64/source/Warrior Idle.fbx using Guid(27579b9e05459eb44b7a20ece85f33f8) Importer(815301076,1909f56bfc062723c751e8b465ee728b)  -> (artifact id: '45d8bd8e04ed13bf4a85570574fc1246') in 0.268195 seconds 
Number of asset objects unloaded after import = 96
========================================================================
Received Import Request.
  Time since last request: 23.878973 seconds.
  path: Assets/Models/mario-64/anim/Warrior Idle.fbx
  artifactKey: Guid(27579b9e05459eb44b7a20ece85f33f8) Importer(815301076,1909f56bfc062723c751e8b465ee728b)
Number of updated assets reloaded before import = 0
Start importing Assets/Models/mario-64/anim/Warrior Idle.fbx using Guid(27579b9e05459eb44b7a20ece85f33f8) Importer(815301076,1909f56bfc062723c751e8b465ee728b)  -> (artifact id: '81574ee3c293b6fe5761f33ba7c60e16') in 0.161885 seconds 
Number of asset objects unloaded after import = 96
========================================================================
Received Import Request.
  Time since last request: 17.016771 seconds.
  path: Assets/Models/mario-64/anim/Warrior Idle.fbx
  artifactKey: Guid(27579b9e05459eb44b7a20ece85f33f8) Importer(815301076,1909f56bfc062723c751e8b465ee728b)
Number of updated assets reloaded before import = 0
Start importing Assets/Models/mario-64/anim/Warrior Idle.fbx using Guid(27579b9e05459eb44b7a20ece85f33f8) Importer(815301076,1909f56bfc062723c751e8b465ee728b)  -> (artifact id: '73418d4c4ed7bd5218d29e2e3f7ffbde') in 0.168820 seconds 
Number of asset objects unloaded after import = 98
========================================================================
Received Import Request.
  Time since last request: 115.090816 seconds.
  path: Assets/Models/mario-64/anim/walk.fbx
  artifactKey: Guid(96880c66c13cef14ca1ce8273ed4a56a) Importer(815301076,1909f56bfc062723c751e8b465ee728b)
Number of updated assets reloaded before import = 0
Start importing Assets/Models/mario-64/anim/walk.fbx using Guid(96880c66c13cef14ca1ce8273ed4a56a) Importer(815301076,1909f56bfc062723c751e8b465ee728b)  -> (artifact id: '321d82c0b260c089bf04f0d95b13a626') in 0.008641 seconds 
Number of asset objects unloaded after import = 55
========================================================================
Received Import Request.
  Time since last request: 0.000035 seconds.
  path: Assets/Models/mario-64/anim/Warrior Idle.fbx
  artifactKey: Guid(27579b9e05459eb44b7a20ece85f33f8) Importer(815301076,1909f56bfc062723c751e8b465ee728b)
Number of updated assets reloaded before import = 0
Start importing Assets/Models/mario-64/anim/Warrior Idle.fbx using Guid(27579b9e05459eb44b7a20ece85f33f8) Importer(815301076,1909f56bfc062723c751e8b465ee728b)  -> (artifact id: '137bd9cf73e3c2c8d98972f7f92a111f') in 0.188334 seconds 
Number of asset objects unloaded after import = 98
========================================================================
Received Import Request.
  Time since last request: 5.095001 seconds.
  path: Assets/Models/mario-64/anim/Idle.fbx
  artifactKey: Guid(2941775bdac65574d8dae097b9b1cbb1) Importer(815301076,1909f56bfc062723c751e8b465ee728b)
Number of updated assets reloaded before import = 0
Start importing Assets/Models/mario-64/anim/Idle.fbx using Guid(2941775bdac65574d8dae097b9b1cbb1) Importer(815301076,1909f56bfc062723c751e8b465ee728b)  -> (artifact id: 'f0ff55bd9084433b86bd86812c96ac81') in 0.008890 seconds 
Number of asset objects unloaded after import = 55
========================================================================
Received Import Request.
  Time since last request: 8.195220 seconds.
  path: Assets/Models/mario-64/anim/mario.fbx
  artifactKey: Guid(27579b9e05459eb44b7a20ece85f33f8) Importer(815301076,1909f56bfc062723c751e8b465ee728b)
Number of updated assets reloaded before import = 0
Start importing Assets/Models/mario-64/anim/mario.fbx using Guid(27579b9e05459eb44b7a20ece85f33f8) Importer(815301076,1909f56bfc062723c751e8b465ee728b)  -> (artifact id: '091f2459f197c037e49ef2397324ceec') in 0.148730 seconds 
Number of asset objects unloaded after import = 98
========================================================================
Received Import Request.
  Time since last request: 17.668054 seconds.
  path: Assets/Models/mario-64/anim/Idle.fbx
  artifactKey: Guid(2941775bdac65574d8dae097b9b1cbb1) Importer(815301076,1909f56bfc062723c751e8b465ee728b)
Number of updated assets reloaded before import = 0
Start importing Assets/Models/mario-64/anim/Idle.fbx using Guid(2941775bdac65574d8dae097b9b1cbb1) Importer(815301076,1909f56bfc062723c751e8b465ee728b)  -> (artifact id: '9a2acea7ec636c90824ada5f10467223') in 0.007649 seconds 
Number of asset objects unloaded after import = 53
========================================================================
Received Import Request.
  Time since last request: 0.000018 seconds.
  path: Assets/Models/mario-64/anim/walk.fbx
  artifactKey: Guid(96880c66c13cef14ca1ce8273ed4a56a) Importer(815301076,1909f56bfc062723c751e8b465ee728b)
Number of updated assets reloaded before import = 0
Start importing Assets/Models/mario-64/anim/walk.fbx using Guid(96880c66c13cef14ca1ce8273ed4a56a) Importer(815301076,1909f56bfc062723c751e8b465ee728b)  -> (artifact id: 'b2fbebaa2a0ee6706b89e07d8956bac1') in 0.004270 seconds 
Number of asset objects unloaded after import = 53
========================================================================
Received Prepare
Registering precompiled user dll's ...
Registered in 0.002016 seconds.
Begin MonoManager ReloadAssembly
Native extension for WindowsStandalone target not found
Refreshing native plugins compatible for Editor in 0.36 ms, found 2 plugins.
Preloading 0 native plugins for Editor in 0.00 ms.
[Package Manager] Server::EnsureServerProcessIsRunning -- launch failed, reason: Unity was launched with the -noUpm command-line argument
[Package Manager] Cannot connect to Unity Package Manager local server
Mono: successfully reloaded assembly
- Completed reload, in  2.012 seconds
Domain Reload Profiling:
	ReloadAssembly (2015ms)
		BeginReloadAssembly (221ms)
			ExecutionOrderSort (0ms)
			DisableScriptedObjects (14ms)
			BackupInstance (0ms)
			ReleaseScriptingObjects (0ms)
			CreateAndSetChildDomain (46ms)
		EndReloadAssembly (1649ms)
			LoadAssemblies (139ms)
			RebuildTransferFunctionScriptingTraits (0ms)
			SetupTypeCache (249ms)
			ReleaseScriptCaches (1ms)
			RebuildScriptCaches (50ms)
			SetupLoadedEditorAssemblies (1162ms)
				LogAssemblyErrors (0ms)
				InitializePlatformSupportModulesInManaged (8ms)
				SetLoadedEditorAssemblies (1ms)
				RefreshPlugins (0ms)
				BeforeProcessingInitializeOnLoad (59ms)
				ProcessInitializeOnLoadAttributes (963ms)
				ProcessInitializeOnLoadMethodAttributes (101ms)
				AfterProcessingInitializeOnLoad (30ms)
				EditorAssembliesLoaded (1ms)
			ExecutionOrderSort2 (0ms)
			AwakeInstancesAfterBackupRestoration (22ms)
Platform modules already initialized, skipping
Refreshing native plugins compatible for Editor in 3.32 ms, found 2 plugins.
Preloading 0 native plugins for Editor in 0.00 ms.
Unloading 1370 Unused Serialized files (Serialized files now loaded: 0)
Unloading 11 unused Assets / (21.9 KB). Loaded Objects now: 1895.
Memory consumption went from 80.1 MB to 80.0 MB.
Total: 5.454400 ms (FindLiveObjects: 0.287200 ms CreateObjectMapping: 0.197400 ms MarkObjects: 4.919800 ms  DeleteObjects: 0.048500 ms)

AssetImportParameters requested are different than current active one (requested -> active):
  custom:video-decoder-ogg-theora: a1e56fd34408186e4bbccfd4996cb3dc -> 
  custom:container-muxer-webm: aa71ff27fc2769a1b78a27578f13a17b -> 
  custom:container-demuxer-webm: 4f35f7cbe854078d1ac9338744f61a02 -> 
  custom:video-encoder-webm-vp8: eb34c28f22e8b96e1ab97ce403110664 -> 
  custom:CustomObjectIndexerAttribute: bc11b3a6c3213fcdd17b65e7da85e133 -> 
  custom:audio-encoder-webm-vorbis: bf7c407c2cedff20999df2af8eb42d56 -> 
  custom:framework-win-MediaFoundation: 216162199b28c13a410421893ffa2e32 -> 
  custom:SearchIndexIgnoredProperties: e643bd26f0fe6173181afceb89e7c659 -> 
  custom:container-demuxer-ogg: 62fdf1f143b41e24485cea50d1cbac27 -> 
  custom:video-decoder-webm-vp8: 9c59270c3fd7afecdb556c50c9e8de78 -> 
  custom:audio-decoder-ogg-vorbis: bf7c407c2cedff20999df2af8eb42d56 -> 
========================================================================
Received Import Request.
  Time since last request: 374.210917 seconds.
  path: Assets/Models/mario-64/anim/marioAnim.controller
  artifactKey: Guid(4659cf7554517514ebc1e62a61558b4b) Importer(815301076,1909f56bfc062723c751e8b465ee728b)
Number of updated assets reloaded before import = 0
Start importing Assets/Models/mario-64/anim/marioAnim.controller using Guid(4659cf7554517514ebc1e62a61558b4b) Importer(815301076,1909f56bfc062723c751e8b465ee728b)  -> (artifact id: '4ce3234f94208307fade3c2243a2317a') in 0.030799 seconds 
Number of asset objects unloaded after import = 6
========================================================================
Received Import Request.
  Time since last request: 1160.387030 seconds.
  path: Assets/Scripts
  artifactKey: Guid(f6448b44dc1e19c4294b67a5003263af) Importer(815301076,1909f56bfc062723c751e8b465ee728b)
Number of updated assets reloaded before import = 0
Start importing Assets/Scripts using Guid(f6448b44dc1e19c4294b67a5003263af) Importer(815301076,1909f56bfc062723c751e8b465ee728b)  -> (artifact id: '6b6da9af70916d34d847dfc6d33ee728') in 0.003401 seconds 
Number of asset objects unloaded after import = 0
========================================================================
Received Import Request.
  Time since last request: 18.560306 seconds.
  path: Assets/Models/mario-64/anim/Anim.cs
  artifactKey: Guid(018f80865eb74fb41ada5cfaba5cc11b) Importer(815301076,1909f56bfc062723c751e8b465ee728b)
Number of updated assets reloaded before import = 0
Start importing Assets/Models/mario-64/anim/Anim.cs using Guid(018f80865eb74fb41ada5cfaba5cc11b) Importer(815301076,1909f56bfc062723c751e8b465ee728b)  -> (artifact id: 'dd4b10ea8434f7396e90a371a38fd652') in 0.009209 seconds 
Number of asset objects unloaded after import = 0
========================================================================
Received Prepare
Registering precompiled user dll's ...
Registered in 0.002016 seconds.
Begin MonoManager ReloadAssembly
Native extension for WindowsStandalone target not found
Refreshing native plugins compatible for Editor in 0.33 ms, found 2 plugins.
Preloading 0 native plugins for Editor in 0.00 ms.
[Package Manager] Server::EnsureServerProcessIsRunning -- launch failed, reason: Unity was launched with the -noUpm command-line argument
[Package Manager] Cannot connect to Unity Package Manager local server
Mono: successfully reloaded assembly
- Completed reload, in  1.707 seconds
Domain Reload Profiling:
	ReloadAssembly (1708ms)
		BeginReloadAssembly (234ms)
			ExecutionOrderSort (0ms)
			DisableScriptedObjects (11ms)
			BackupInstance (0ms)
			ReleaseScriptingObjects (0ms)
			CreateAndSetChildDomain (54ms)
		EndReloadAssembly (1261ms)
			LoadAssemblies (153ms)
			RebuildTransferFunctionScriptingTraits (0ms)
			SetupTypeCache (322ms)
			ReleaseScriptCaches (3ms)
			RebuildScriptCaches (53ms)
			SetupLoadedEditorAssemblies (736ms)
				LogAssemblyErrors (0ms)
				InitializePlatformSupportModulesInManaged (8ms)
				SetLoadedEditorAssemblies (1ms)
				RefreshPlugins (0ms)
				BeforeProcessingInitializeOnLoad (54ms)
				ProcessInitializeOnLoadAttributes (640ms)
				ProcessInitializeOnLoadMethodAttributes (21ms)
				AfterProcessingInitializeOnLoad (10ms)
				EditorAssembliesLoaded (0ms)
			ExecutionOrderSort2 (0ms)
			AwakeInstancesAfterBackupRestoration (8ms)
Platform modules already initialized, skipping
Refreshing native plugins compatible for Editor in 0.57 ms, found 2 plugins.
Preloading 0 native plugins for Editor in 0.00 ms.
Unloading 1371 Unused Serialized files (Serialized files now loaded: 0)
Unloading 11 unused Assets / (22.0 KB). Loaded Objects now: 1899.
Memory consumption went from 80.1 MB to 80.1 MB.
Total: 3.969100 ms (FindLiveObjects: 0.171600 ms CreateObjectMapping: 0.183800 ms MarkObjects: 3.582700 ms  DeleteObjects: 0.029700 ms)

AssetImportParameters requested are different than current active one (requested -> active):
  custom:video-decoder-ogg-theora: a1e56fd34408186e4bbccfd4996cb3dc -> 
  custom:container-muxer-webm: aa71ff27fc2769a1b78a27578f13a17b -> 
  custom:container-demuxer-webm: 4f35f7cbe854078d1ac9338744f61a02 -> 
  custom:video-encoder-webm-vp8: eb34c28f22e8b96e1ab97ce403110664 -> 
  custom:CustomObjectIndexerAttribute: bc11b3a6c3213fcdd17b65e7da85e133 -> 
  custom:audio-encoder-webm-vorbis: bf7c407c2cedff20999df2af8eb42d56 -> 
  custom:framework-win-MediaFoundation: 216162199b28c13a410421893ffa2e32 -> 
  custom:SearchIndexIgnoredProperties: e643bd26f0fe6173181afceb89e7c659 -> 
  custom:container-demuxer-ogg: 62fdf1f143b41e24485cea50d1cbac27 -> 
  custom:video-decoder-webm-vp8: 9c59270c3fd7afecdb556c50c9e8de78 -> 
  custom:audio-decoder-ogg-vorbis: bf7c407c2cedff20999df2af8eb42d56 -> 
========================================================================
Received Prepare
Registering precompiled user dll's ...
Registered in 0.002693 seconds.
Begin MonoManager ReloadAssembly
Native extension for WindowsStandalone target not found
Refreshing native plugins compatible for Editor in 0.53 ms, found 2 plugins.
Preloading 0 native plugins for Editor in 0.00 ms.
[Package Manager] Server::EnsureServerProcessIsRunning -- launch failed, reason: Unity was launched with the -noUpm command-line argument
[Package Manager] Cannot connect to Unity Package Manager local server
Mono: successfully reloaded assembly
- Completed reload, in  2.021 seconds
Domain Reload Profiling:
	ReloadAssembly (2022ms)
		BeginReloadAssembly (396ms)
			ExecutionOrderSort (0ms)
			DisableScriptedObjects (10ms)
			BackupInstance (0ms)
			ReleaseScriptingObjects (0ms)
			CreateAndSetChildDomain (37ms)
		EndReloadAssembly (1393ms)
			LoadAssemblies (329ms)
			RebuildTransferFunctionScriptingTraits (0ms)
			SetupTypeCache (451ms)
			ReleaseScriptCaches (1ms)
			RebuildScriptCaches (65ms)
			SetupLoadedEditorAssemblies (745ms)
				LogAssemblyErrors (0ms)
				InitializePlatformSupportModulesInManaged (8ms)
				SetLoadedEditorAssemblies (1ms)
				RefreshPlugins (1ms)
				BeforeProcessingInitializeOnLoad (53ms)
				ProcessInitializeOnLoadAttributes (649ms)
				ProcessInitializeOnLoadMethodAttributes (22ms)
				AfterProcessingInitializeOnLoad (11ms)
				EditorAssembliesLoaded (0ms)
			ExecutionOrderSort2 (0ms)
			AwakeInstancesAfterBackupRestoration (8ms)
Platform modules already initialized, skipping
Refreshing native plugins compatible for Editor in 0.74 ms, found 2 plugins.
Preloading 0 native plugins for Editor in 0.00 ms.
Unloading 1371 Unused Serialized files (Serialized files now loaded: 0)
Unloading 11 unused Assets / (21.9 KB). Loaded Objects now: 1902.
Memory consumption went from 80.2 MB to 80.1 MB.
Total: 3.026500 ms (FindLiveObjects: 0.171900 ms CreateObjectMapping: 0.054500 ms MarkObjects: 2.766000 ms  DeleteObjects: 0.032600 ms)

AssetImportParameters requested are different than current active one (requested -> active):
  custom:video-decoder-ogg-theora: a1e56fd34408186e4bbccfd4996cb3dc -> 
  custom:container-muxer-webm: aa71ff27fc2769a1b78a27578f13a17b -> 
  custom:container-demuxer-webm: 4f35f7cbe854078d1ac9338744f61a02 -> 
  custom:video-encoder-webm-vp8: eb34c28f22e8b96e1ab97ce403110664 -> 
  custom:CustomObjectIndexerAttribute: bc11b3a6c3213fcdd17b65e7da85e133 -> 
  custom:audio-encoder-webm-vorbis: bf7c407c2cedff20999df2af8eb42d56 -> 
  custom:framework-win-MediaFoundation: 216162199b28c13a410421893ffa2e32 -> 
  custom:SearchIndexIgnoredProperties: e643bd26f0fe6173181afceb89e7c659 -> 
  custom:container-demuxer-ogg: 62fdf1f143b41e24485cea50d1cbac27 -> 
  custom:video-decoder-webm-vp8: 9c59270c3fd7afecdb556c50c9e8de78 -> 
  custom:audio-decoder-ogg-vorbis: bf7c407c2cedff20999df2af8eb42d56 -> 
========================================================================
Received Prepare
Registering precompiled user dll's ...
Registered in 0.002859 seconds.
Begin MonoManager ReloadAssembly
Native extension for WindowsStandalone target not found
Refreshing native plugins compatible for Editor in 0.32 ms, found 2 plugins.
Preloading 0 native plugins for Editor in 0.00 ms.
[Package Manager] Server::EnsureServerProcessIsRunning -- launch failed, reason: Unity was launched with the -noUpm command-line argument
[Package Manager] Cannot connect to Unity Package Manager local server
Mono: successfully reloaded assembly
- Completed reload, in  1.864 seconds
Domain Reload Profiling:
	ReloadAssembly (1865ms)
		BeginReloadAssembly (217ms)
			ExecutionOrderSort (0ms)
			DisableScriptedObjects (10ms)
			BackupInstance (0ms)
			ReleaseScriptingObjects (0ms)
			CreateAndSetChildDomain (46ms)
		EndReloadAssembly (1507ms)
			LoadAssemblies (144ms)
			RebuildTransferFunctionScriptingTraits (0ms)
			SetupTypeCache (461ms)
			ReleaseScriptCaches (3ms)
			RebuildScriptCaches (97ms)
			SetupLoadedEditorAssemblies (771ms)
				LogAssemblyErrors (0ms)
				InitializePlatformSupportModulesInManaged (10ms)
				SetLoadedEditorAssemblies (1ms)
				RefreshPlugins (0ms)
				BeforeProcessingInitializeOnLoad (51ms)
				ProcessInitializeOnLoadAttributes (669ms)
				ProcessInitializeOnLoadMethodAttributes (28ms)
				AfterProcessingInitializeOnLoad (12ms)
				EditorAssembliesLoaded (0ms)
			ExecutionOrderSort2 (0ms)
			AwakeInstancesAfterBackupRestoration (8ms)
Platform modules already initialized, skipping
Refreshing native plugins compatible for Editor in 0.86 ms, found 2 plugins.
Preloading 0 native plugins for Editor in 0.00 ms.
Unloading 1371 Unused Serialized files (Serialized files now loaded: 0)
Unloading 11 unused Assets / (21.9 KB). Loaded Objects now: 1905.
Memory consumption went from 80.1 MB to 80.1 MB.
Total: 3.166300 ms (FindLiveObjects: 0.155700 ms CreateObjectMapping: 0.105200 ms MarkObjects: 2.883000 ms  DeleteObjects: 0.021400 ms)

AssetImportParameters requested are different than current active one (requested -> active):
  custom:video-decoder-ogg-theora: a1e56fd34408186e4bbccfd4996cb3dc -> 
  custom:container-muxer-webm: aa71ff27fc2769a1b78a27578f13a17b -> 
  custom:container-demuxer-webm: 4f35f7cbe854078d1ac9338744f61a02 -> 
  custom:video-encoder-webm-vp8: eb34c28f22e8b96e1ab97ce403110664 -> 
  custom:CustomObjectIndexerAttribute: bc11b3a6c3213fcdd17b65e7da85e133 -> 
  custom:audio-encoder-webm-vorbis: bf7c407c2cedff20999df2af8eb42d56 -> 
  custom:framework-win-MediaFoundation: 216162199b28c13a410421893ffa2e32 -> 
  custom:SearchIndexIgnoredProperties: e643bd26f0fe6173181afceb89e7c659 -> 
  custom:container-demuxer-ogg: 62fdf1f143b41e24485cea50d1cbac27 -> 
  custom:video-decoder-webm-vp8: 9c59270c3fd7afecdb556c50c9e8de78 -> 
  custom:audio-decoder-ogg-vorbis: bf7c407c2cedff20999df2af8eb42d56 -> 
========================================================================
Received Import Request.
  Time since last request: 492.327420 seconds.
  path: Assets/Models/mario-64/anim/Idle.fbx
  artifactKey: Guid(2941775bdac65574d8dae097b9b1cbb1) Importer(815301076,1909f56bfc062723c751e8b465ee728b)
Number of updated assets reloaded before import = 0
Start importing Assets/Models/mario-64/anim/Idle.fbx using Guid(2941775bdac65574d8dae097b9b1cbb1) Importer(815301076,1909f56bfc062723c751e8b465ee728b)  -> (artifact id: 'cb0b5765a549e242665d2be625b8408f') in 0.049285 seconds 
Number of asset objects unloaded after import = 53
========================================================================
Received Import Request.
  Time since last request: 15.667409 seconds.
  path: Assets/Models/mario-64/anim/walk.fbx
  artifactKey: Guid(96880c66c13cef14ca1ce8273ed4a56a) Importer(815301076,1909f56bfc062723c751e8b465ee728b)
Number of updated assets reloaded before import = 0
Start importing Assets/Models/mario-64/anim/walk.fbx using Guid(96880c66c13cef14ca1ce8273ed4a56a) Importer(815301076,1909f56bfc062723c751e8b465ee728b)  -> (artifact id: '3d49793dcf9c1f1f40ebdc5f511c3512') in 0.006269 seconds 
Number of asset objects unloaded after import = 53
========================================================================
Received Prepare
Registering precompiled user dll's ...
Registered in 0.003148 seconds.
Begin MonoManager ReloadAssembly
Native extension for WindowsStandalone target not found
Refreshing native plugins compatible for Editor in 0.36 ms, found 2 plugins.
Preloading 0 native plugins for Editor in 0.00 ms.
[Package Manager] Server::EnsureServerProcessIsRunning -- launch failed, reason: Unity was launched with the -noUpm command-line argument
[Package Manager] Cannot connect to Unity Package Manager local server
Mono: successfully reloaded assembly
- Completed reload, in  2.120 seconds
Domain Reload Profiling:
	ReloadAssembly (2122ms)
		BeginReloadAssembly (240ms)
			ExecutionOrderSort (0ms)
			DisableScriptedObjects (10ms)
			BackupInstance (0ms)
			ReleaseScriptingObjects (0ms)
			CreateAndSetChildDomain (56ms)
		EndReloadAssembly (1732ms)
			LoadAssemblies (145ms)
			RebuildTransferFunctionScriptingTraits (0ms)
			SetupTypeCache (281ms)
			ReleaseScriptCaches (1ms)
			RebuildScriptCaches (49ms)
			SetupLoadedEditorAssemblies (1211ms)
				LogAssemblyErrors (0ms)
				InitializePlatformSupportModulesInManaged (8ms)
				SetLoadedEditorAssemblies (1ms)
				RefreshPlugins (0ms)
				BeforeProcessingInitializeOnLoad (58ms)
				ProcessInitializeOnLoadAttributes (1030ms)
				ProcessInitializeOnLoadMethodAttributes (84ms)
				AfterProcessingInitializeOnLoad (29ms)
				EditorAssembliesLoaded (0ms)
			ExecutionOrderSort2 (0ms)
			AwakeInstancesAfterBackupRestoration (28ms)
Platform modules already initialized, skipping
Refreshing native plugins compatible for Editor in 3.96 ms, found 2 plugins.
Preloading 0 native plugins for Editor in 0.00 ms.
Unloading 1371 Unused Serialized files (Serialized files now loaded: 0)
Unloading 11 unused Assets / (21.9 KB). Loaded Objects now: 1908.
Memory consumption went from 80.2 MB to 80.2 MB.
Total: 15.368100 ms (FindLiveObjects: 2.871100 ms CreateObjectMapping: 0.369200 ms MarkObjects: 11.877100 ms  DeleteObjects: 0.248300 ms)

AssetImportParameters requested are different than current active one (requested -> active):
  custom:video-decoder-ogg-theora: a1e56fd34408186e4bbccfd4996cb3dc -> 
  custom:container-muxer-webm: aa71ff27fc2769a1b78a27578f13a17b -> 
  custom:container-demuxer-webm: 4f35f7cbe854078d1ac9338744f61a02 -> 
  custom:video-encoder-webm-vp8: eb34c28f22e8b96e1ab97ce403110664 -> 
  custom:CustomObjectIndexerAttribute: bc11b3a6c3213fcdd17b65e7da85e133 -> 
  custom:audio-encoder-webm-vorbis: bf7c407c2cedff20999df2af8eb42d56 -> 
  custom:framework-win-MediaFoundation: 216162199b28c13a410421893ffa2e32 -> 
  custom:SearchIndexIgnoredProperties: e643bd26f0fe6173181afceb89e7c659 -> 
  custom:container-demuxer-ogg: 62fdf1f143b41e24485cea50d1cbac27 -> 
  custom:video-decoder-webm-vp8: 9c59270c3fd7afecdb556c50c9e8de78 -> 
  custom:audio-decoder-ogg-vorbis: bf7c407c2cedff20999df2af8eb42d56 -> 
========================================================================
Received Import Request.
  Time since last request: 207.626962 seconds.
  path: Assets/Scripts/Systems
  artifactKey: Guid(94be564f23fef6b4f9395927fd951d50) Importer(815301076,1909f56bfc062723c751e8b465ee728b)
Number of updated assets reloaded before import = 0
Start importing Assets/Scripts/Systems using Guid(94be564f23fef6b4f9395927fd951d50) Importer(815301076,1909f56bfc062723c751e8b465ee728b)  -> (artifact id: '0e1a7a7eb1faf92e7285268e805685ab') in 0.011201 seconds 
Number of asset objects unloaded after import = 0
========================================================================
Received Import Request.
  Time since last request: 1.135773 seconds.
  path: Assets/Scripts/Systems/DangerousInitSystem.cs
  artifactKey: Guid(8e379375883a38d46943987c2f9388f6) Importer(815301076,1909f56bfc062723c751e8b465ee728b)
Number of updated assets reloaded before import = 0
Start importing Assets/Scripts/Systems/DangerousInitSystem.cs using Guid(8e379375883a38d46943987c2f9388f6) Importer(815301076,1909f56bfc062723c751e8b465ee728b)  -> (artifact id: 'dfcb5d575b89f4d3321b9223765d8ef4') in 0.003186 seconds 
Number of asset objects unloaded after import = 0
========================================================================
Received Import Request.
  Time since last request: 3.416830 seconds.
  path: Assets/Scripts/Systems/HitSystem.cs
  artifactKey: Guid(5d4041d96300cae47b8f4b5bcde90478) Importer(815301076,1909f56bfc062723c751e8b465ee728b)
Number of updated assets reloaded before import = 0
Start importing Assets/Scripts/Systems/HitSystem.cs using Guid(5d4041d96300cae47b8f4b5bcde90478) Importer(815301076,1909f56bfc062723c751e8b465ee728b)  -> (artifact id: '982916c89dcf2f672abfd9ee0be4c2b8') in 0.006276 seconds 
Number of asset objects unloaded after import = 0
========================================================================
Received Import Request.
  Time since last request: 2.901039 seconds.
  path: Assets/Scripts/MonoBehaivours
  artifactKey: Guid(0460d21cfb0776845bbb56d2bf9b9158) Importer(815301076,1909f56bfc062723c751e8b465ee728b)
Number of updated assets reloaded before import = 0
Start importing Assets/Scripts/MonoBehaivours using Guid(0460d21cfb0776845bbb56d2bf9b9158) Importer(815301076,1909f56bfc062723c751e8b465ee728b)  -> (artifact id: 'cfb7cb6c342637b62734f189402176a5') in 0.006549 seconds 
Number of asset objects unloaded after import = 0
========================================================================
Received Import Request.
  Time since last request: 1.810313 seconds.
  path: Assets/Scripts/MonoBehaivours/CollisionCheckerView.cs
  artifactKey: Guid(159328686a72c734092d68cbe0efc10e) Importer(815301076,1909f56bfc062723c751e8b465ee728b)
Number of updated assets reloaded before import = 0
Start importing Assets/Scripts/MonoBehaivours/CollisionCheckerView.cs using Guid(159328686a72c734092d68cbe0efc10e) Importer(815301076,1909f56bfc062723c751e8b465ee728b)  -> (artifact id: '055c13f3a57974b58e6ea4f45e4fab0b') in 0.005602 seconds 
Number of asset objects unloaded after import = 0
========================================================================
Received Import Request.
  Time since last request: 0.974762 seconds.
  path: Assets/Scripts/MonoBehaivours/Startup.cs
  artifactKey: Guid(20a439199b18f9f489d09f2a229d3c1b) Importer(815301076,1909f56bfc062723c751e8b465ee728b)
Number of updated assets reloaded before import = 0
Start importing Assets/Scripts/MonoBehaivours/Startup.cs using Guid(20a439199b18f9f489d09f2a229d3c1b) Importer(815301076,1909f56bfc062723c751e8b465ee728b)  -> (artifact id: '5ea27519947cedd5f76d412587a74a22') in 0.002547 seconds 
Number of asset objects unloaded after import = 0
========================================================================
Received Import Request.
  Time since last request: 2.644979 seconds.
  path: Assets/Scripts/MonoBehaivours/RestartScene.cs
  artifactKey: Guid(3234ebe5217239e4592763dc1d8804d7) Importer(815301076,1909f56bfc062723c751e8b465ee728b)
Number of updated assets reloaded before import = 0
Start importing Assets/Scripts/MonoBehaivours/RestartScene.cs using Guid(3234ebe5217239e4592763dc1d8804d7) Importer(815301076,1909f56bfc062723c751e8b465ee728b)  -> (artifact id: '7403ba305095085fd738743ddc77d7bc') in 0.002456 seconds 
Number of asset objects unloaded after import = 0
========================================================================
Received Import Request.
  Time since last request: 4.347273 seconds.
  path: Assets/Scripts/MonoBehaivours/GroundCheckerView.cs
  artifactKey: Guid(d0ab21ec3f5b57f48887e02ed21bd278) Importer(815301076,1909f56bfc062723c751e8b465ee728b)
Number of updated assets reloaded before import = 0
Start importing Assets/Scripts/MonoBehaivours/GroundCheckerView.cs using Guid(d0ab21ec3f5b57f48887e02ed21bd278) Importer(815301076,1909f56bfc062723c751e8b465ee728b)  -> (artifact id: 'f8e89a78625636655c40711fdc89c5b7') in 0.010549 seconds 
Number of asset objects unloaded after import = 0
========================================================================
Received Import Request.
  Time since last request: 6.796825 seconds.
  path: Assets/Scripts/Systems/DangerousRunSystem.cs
  artifactKey: Guid(5234a48cdfb48b0469292b27e7e60eaa) Importer(815301076,1909f56bfc062723c751e8b465ee728b)
Number of updated assets reloaded before import = 0
Start importing Assets/Scripts/Systems/DangerousRunSystem.cs using Guid(5234a48cdfb48b0469292b27e7e60eaa) Importer(815301076,1909f56bfc062723c751e8b465ee728b)  -> (artifact id: '820f8e185427d6bcfb2a70f29980d37b') in 0.005138 seconds 
Number of asset objects unloaded after import = 0
========================================================================
Received Import Request.
  Time since last request: 1.547092 seconds.
  path: Assets/Scripts/Systems/JumpBuffSystem.cs
  artifactKey: Guid(1773e49b538e5ee4d9a7c8e0bc727711) Importer(815301076,1909f56bfc062723c751e8b465ee728b)
Number of updated assets reloaded before import = 0
Start importing Assets/Scripts/Systems/JumpBuffSystem.cs using Guid(1773e49b538e5ee4d9a7c8e0bc727711) Importer(815301076,1909f56bfc062723c751e8b465ee728b)  -> (artifact id: '2c0b74c648887b951145dbe24f757642') in 0.004898 seconds 
Number of asset objects unloaded after import = 0
========================================================================
Received Import Request.
  Time since last request: 1.239584 seconds.
  path: Assets/Scripts/Systems/PlayerMoveSystem.cs
  artifactKey: Guid(001ab575132d39645b3d28e22414d1bf) Importer(815301076,1909f56bfc062723c751e8b465ee728b)
Number of updated assets reloaded before import = 0
Start importing Assets/Scripts/Systems/PlayerMoveSystem.cs using Guid(001ab575132d39645b3d28e22414d1bf) Importer(815301076,1909f56bfc062723c751e8b465ee728b)  -> (artifact id: 'dec88056178fa387fd696304560ce2b4') in 0.002937 seconds 
Number of asset objects unloaded after import = 0
